ARM GAS  C:\Users\abdel\AppData\Local\Temp\ccorEKPe.s 			page 1


   1              		.cpu cortex-m4
   2              		.eabi_attribute 27, 1
   3              		.eabi_attribute 28, 1
   4              		.eabi_attribute 20, 1
   5              		.eabi_attribute 21, 1
   6              		.eabi_attribute 23, 3
   7              		.eabi_attribute 24, 1
   8              		.eabi_attribute 25, 1
   9              		.eabi_attribute 26, 1
  10              		.eabi_attribute 30, 1
  11              		.eabi_attribute 34, 1
  12              		.eabi_attribute 18, 4
  13              		.file	"gpio.c"
  14              		.text
  15              	.Ltext0:
  16              		.cfi_sections	.debug_frame
  17              		.section	.text.MX_GPIO_Init,"ax",%progbits
  18              		.align	1
  19              		.global	MX_GPIO_Init
  20              		.arch armv7e-m
  21              		.syntax unified
  22              		.thumb
  23              		.thumb_func
  24              		.fpu fpv4-sp-d16
  26              	MX_GPIO_Init:
  27              	.LFB130:
  28              		.file 1 "Core/Src/gpio.c"
   1:Core/Src/gpio.c **** /**
   2:Core/Src/gpio.c ****   ******************************************************************************
   3:Core/Src/gpio.c ****   * @file    gpio.c
   4:Core/Src/gpio.c ****   * @brief   This file provides code for the configuration
   5:Core/Src/gpio.c ****   *          of all used GPIO pins.
   6:Core/Src/gpio.c ****   ******************************************************************************
   7:Core/Src/gpio.c ****   * @attention
   8:Core/Src/gpio.c ****   *
   9:Core/Src/gpio.c ****   * <h2><center>&copy; Copyright (c) 2021 STMicroelectronics.
  10:Core/Src/gpio.c ****   * All rights reserved.</center></h2>
  11:Core/Src/gpio.c ****   *
  12:Core/Src/gpio.c ****   * This software component is licensed by ST under BSD 3-Clause license,
  13:Core/Src/gpio.c ****   * the "License"; You may not use this file except in compliance with the
  14:Core/Src/gpio.c ****   * License. You may obtain a copy of the License at:
  15:Core/Src/gpio.c ****   *                        opensource.org/licenses/BSD-3-Clause
  16:Core/Src/gpio.c ****   *
  17:Core/Src/gpio.c ****   ******************************************************************************
  18:Core/Src/gpio.c ****   */
  19:Core/Src/gpio.c **** 
  20:Core/Src/gpio.c **** /* Includes ------------------------------------------------------------------*/
  21:Core/Src/gpio.c **** #include "gpio.h"
  22:Core/Src/gpio.c **** 
  23:Core/Src/gpio.c **** /* USER CODE BEGIN 0 */
  24:Core/Src/gpio.c **** 
  25:Core/Src/gpio.c **** /* USER CODE END 0 */
  26:Core/Src/gpio.c **** 
  27:Core/Src/gpio.c **** /*----------------------------------------------------------------------------*/
  28:Core/Src/gpio.c **** /* Configure GPIO                                                             */
  29:Core/Src/gpio.c **** /*----------------------------------------------------------------------------*/
  30:Core/Src/gpio.c **** /* USER CODE BEGIN 1 */
ARM GAS  C:\Users\abdel\AppData\Local\Temp\ccorEKPe.s 			page 2


  31:Core/Src/gpio.c **** 
  32:Core/Src/gpio.c **** /* USER CODE END 1 */
  33:Core/Src/gpio.c **** 
  34:Core/Src/gpio.c **** /** Configure pins as
  35:Core/Src/gpio.c ****         * Analog
  36:Core/Src/gpio.c ****         * Input
  37:Core/Src/gpio.c ****         * Output
  38:Core/Src/gpio.c ****         * EVENT_OUT
  39:Core/Src/gpio.c ****         * EXTI
  40:Core/Src/gpio.c **** */
  41:Core/Src/gpio.c **** void MX_GPIO_Init(void)
  42:Core/Src/gpio.c **** {
  29              		.loc 1 42 1 view -0
  30              		.cfi_startproc
  31              		@ args = 0, pretend = 0, frame = 32
  32              		@ frame_needed = 0, uses_anonymous_args = 0
  33 0000 70B5     		push	{r4, r5, r6, lr}
  34              	.LCFI0:
  35              		.cfi_def_cfa_offset 16
  36              		.cfi_offset 4, -16
  37              		.cfi_offset 5, -12
  38              		.cfi_offset 6, -8
  39              		.cfi_offset 14, -4
  40 0002 88B0     		sub	sp, sp, #32
  41              	.LCFI1:
  42              		.cfi_def_cfa_offset 48
  43:Core/Src/gpio.c **** 
  44:Core/Src/gpio.c ****   GPIO_InitTypeDef GPIO_InitStruct = {0};
  43              		.loc 1 44 3 view .LVU1
  44              		.loc 1 44 20 is_stmt 0 view .LVU2
  45 0004 0024     		movs	r4, #0
  46 0006 0394     		str	r4, [sp, #12]
  47 0008 0494     		str	r4, [sp, #16]
  48 000a 0594     		str	r4, [sp, #20]
  49 000c 0694     		str	r4, [sp, #24]
  50 000e 0794     		str	r4, [sp, #28]
  45:Core/Src/gpio.c **** 
  46:Core/Src/gpio.c ****   /* GPIO Ports Clock Enable */
  47:Core/Src/gpio.c ****   __HAL_RCC_GPIOA_CLK_ENABLE();
  51              		.loc 1 47 3 is_stmt 1 view .LVU3
  52              	.LBB2:
  53              		.loc 1 47 3 view .LVU4
  54 0010 0194     		str	r4, [sp, #4]
  55              		.loc 1 47 3 view .LVU5
  56 0012 164B     		ldr	r3, .L3
  57 0014 1A6B     		ldr	r2, [r3, #48]
  58 0016 42F00102 		orr	r2, r2, #1
  59 001a 1A63     		str	r2, [r3, #48]
  60              		.loc 1 47 3 view .LVU6
  61 001c 1A6B     		ldr	r2, [r3, #48]
  62 001e 02F00102 		and	r2, r2, #1
  63 0022 0192     		str	r2, [sp, #4]
  64              		.loc 1 47 3 view .LVU7
  65 0024 019A     		ldr	r2, [sp, #4]
  66              	.LBE2:
  67              		.loc 1 47 3 view .LVU8
  48:Core/Src/gpio.c ****   __HAL_RCC_GPIOC_CLK_ENABLE();
ARM GAS  C:\Users\abdel\AppData\Local\Temp\ccorEKPe.s 			page 3


  68              		.loc 1 48 3 view .LVU9
  69              	.LBB3:
  70              		.loc 1 48 3 view .LVU10
  71 0026 0294     		str	r4, [sp, #8]
  72              		.loc 1 48 3 view .LVU11
  73 0028 1A6B     		ldr	r2, [r3, #48]
  74 002a 42F00402 		orr	r2, r2, #4
  75 002e 1A63     		str	r2, [r3, #48]
  76              		.loc 1 48 3 view .LVU12
  77 0030 1B6B     		ldr	r3, [r3, #48]
  78 0032 03F00403 		and	r3, r3, #4
  79 0036 0293     		str	r3, [sp, #8]
  80              		.loc 1 48 3 view .LVU13
  81 0038 029B     		ldr	r3, [sp, #8]
  82              	.LBE3:
  83              		.loc 1 48 3 view .LVU14
  49:Core/Src/gpio.c **** 
  50:Core/Src/gpio.c ****   /*Configure GPIO pin Output Level */
  51:Core/Src/gpio.c ****   HAL_GPIO_WritePin(LED2_GPIO_Port, LED2_Pin, GPIO_PIN_RESET);
  84              		.loc 1 51 3 view .LVU15
  85 003a 0D4D     		ldr	r5, .L3+4
  86 003c 2246     		mov	r2, r4
  87 003e 0221     		movs	r1, #2
  88 0040 2846     		mov	r0, r5
  89 0042 FFF7FEFF 		bl	HAL_GPIO_WritePin
  90              	.LVL0:
  52:Core/Src/gpio.c **** 
  53:Core/Src/gpio.c ****   /*Configure GPIO pin : PtPin */
  54:Core/Src/gpio.c ****   GPIO_InitStruct.Pin = K1_Pin;
  91              		.loc 1 54 3 view .LVU16
  92              		.loc 1 54 23 is_stmt 0 view .LVU17
  93 0046 0126     		movs	r6, #1
  94 0048 0396     		str	r6, [sp, #12]
  55:Core/Src/gpio.c ****   GPIO_InitStruct.Mode = GPIO_MODE_INPUT;
  95              		.loc 1 55 3 is_stmt 1 view .LVU18
  96              		.loc 1 55 24 is_stmt 0 view .LVU19
  97 004a 0494     		str	r4, [sp, #16]
  56:Core/Src/gpio.c ****   GPIO_InitStruct.Pull = GPIO_NOPULL;
  98              		.loc 1 56 3 is_stmt 1 view .LVU20
  99              		.loc 1 56 24 is_stmt 0 view .LVU21
 100 004c 0594     		str	r4, [sp, #20]
  57:Core/Src/gpio.c ****   HAL_GPIO_Init(K1_GPIO_Port, &GPIO_InitStruct);
 101              		.loc 1 57 3 is_stmt 1 view .LVU22
 102 004e 03A9     		add	r1, sp, #12
 103 0050 2846     		mov	r0, r5
 104 0052 FFF7FEFF 		bl	HAL_GPIO_Init
 105              	.LVL1:
  58:Core/Src/gpio.c **** 
  59:Core/Src/gpio.c ****   /*Configure GPIO pin : PtPin */
  60:Core/Src/gpio.c ****   GPIO_InitStruct.Pin = LED2_Pin;
 106              		.loc 1 60 3 view .LVU23
 107              		.loc 1 60 23 is_stmt 0 view .LVU24
 108 0056 0223     		movs	r3, #2
 109 0058 0393     		str	r3, [sp, #12]
  61:Core/Src/gpio.c ****   GPIO_InitStruct.Mode = GPIO_MODE_OUTPUT_PP;
 110              		.loc 1 61 3 is_stmt 1 view .LVU25
 111              		.loc 1 61 24 is_stmt 0 view .LVU26
ARM GAS  C:\Users\abdel\AppData\Local\Temp\ccorEKPe.s 			page 4


 112 005a 0496     		str	r6, [sp, #16]
  62:Core/Src/gpio.c ****   GPIO_InitStruct.Pull = GPIO_NOPULL;
 113              		.loc 1 62 3 is_stmt 1 view .LVU27
 114              		.loc 1 62 24 is_stmt 0 view .LVU28
 115 005c 0594     		str	r4, [sp, #20]
  63:Core/Src/gpio.c ****   GPIO_InitStruct.Speed = GPIO_SPEED_FREQ_LOW;
 116              		.loc 1 63 3 is_stmt 1 view .LVU29
 117              		.loc 1 63 25 is_stmt 0 view .LVU30
 118 005e 0694     		str	r4, [sp, #24]
  64:Core/Src/gpio.c ****   HAL_GPIO_Init(LED2_GPIO_Port, &GPIO_InitStruct);
 119              		.loc 1 64 3 is_stmt 1 view .LVU31
 120 0060 03A9     		add	r1, sp, #12
 121 0062 2846     		mov	r0, r5
 122 0064 FFF7FEFF 		bl	HAL_GPIO_Init
 123              	.LVL2:
  65:Core/Src/gpio.c **** 
  66:Core/Src/gpio.c **** }
 124              		.loc 1 66 1 is_stmt 0 view .LVU32
 125 0068 08B0     		add	sp, sp, #32
 126              	.LCFI2:
 127              		.cfi_def_cfa_offset 16
 128              		@ sp needed
 129 006a 70BD     		pop	{r4, r5, r6, pc}
 130              	.L4:
 131              		.align	2
 132              	.L3:
 133 006c 00380240 		.word	1073887232
 134 0070 00000240 		.word	1073872896
 135              		.cfi_endproc
 136              	.LFE130:
 138              		.text
 139              	.Letext0:
 140              		.file 2 "d:\\devtools\\arm_gcc_10_2020-q4-major\\arm-none-eabi\\include\\machine\\_default_types.h
 141              		.file 3 "d:\\devtools\\arm_gcc_10_2020-q4-major\\arm-none-eabi\\include\\sys\\_stdint.h"
 142              		.file 4 "Drivers/CMSIS/Device/ST/STM32F4xx/Include/stm32f407xx.h"
 143              		.file 5 "Drivers/STM32F4xx_HAL_Driver/Inc/stm32f4xx_hal_gpio.h"
ARM GAS  C:\Users\abdel\AppData\Local\Temp\ccorEKPe.s 			page 5


DEFINED SYMBOLS
                            *ABS*:00000000 gpio.c
C:\Users\abdel\AppData\Local\Temp\ccorEKPe.s:18     .text.MX_GPIO_Init:00000000 $t
C:\Users\abdel\AppData\Local\Temp\ccorEKPe.s:26     .text.MX_GPIO_Init:00000000 MX_GPIO_Init
C:\Users\abdel\AppData\Local\Temp\ccorEKPe.s:133    .text.MX_GPIO_Init:0000006c $d

UNDEFINED SYMBOLS
HAL_GPIO_WritePin
HAL_GPIO_Init
