ARM GAS  C:\Users\abdel\AppData\Local\Temp\cc0YR9c0.s 			page 1


   1              		.cpu cortex-m4
   2              		.eabi_attribute 27, 1
   3              		.eabi_attribute 28, 1
   4              		.eabi_attribute 20, 1
   5              		.eabi_attribute 21, 1
   6              		.eabi_attribute 23, 3
   7              		.eabi_attribute 24, 1
   8              		.eabi_attribute 25, 1
   9              		.eabi_attribute 26, 1
  10              		.eabi_attribute 30, 1
  11              		.eabi_attribute 34, 1
  12              		.eabi_attribute 18, 4
  13              		.file	"main.c"
  14              		.text
  15              	.Ltext0:
  16              		.cfi_sections	.debug_frame
  17              		.section	.text.Error_Handler,"ax",%progbits
  18              		.align	1
  19              		.global	Error_Handler
  20              		.arch armv7e-m
  21              		.syntax unified
  22              		.thumb
  23              		.thumb_func
  24              		.fpu fpv4-sp-d16
  26              	Error_Handler:
  27              	.LFB132:
  28              		.file 1 "Core/Src/main.c"
   1:Core/Src/main.c **** /* USER CODE BEGIN Header */
   2:Core/Src/main.c **** /**
   3:Core/Src/main.c ****   ******************************************************************************
   4:Core/Src/main.c ****   * @file           : main.c
   5:Core/Src/main.c ****   * @brief          : Main program body
   6:Core/Src/main.c ****   ******************************************************************************
   7:Core/Src/main.c ****   * @attention
   8:Core/Src/main.c ****   *
   9:Core/Src/main.c ****   * <h2><center>&copy; Copyright (c) 2021 STMicroelectronics.
  10:Core/Src/main.c ****   * All rights reserved.</center></h2>
  11:Core/Src/main.c ****   *
  12:Core/Src/main.c ****   * This software component is licensed by ST under BSD 3-Clause license,
  13:Core/Src/main.c ****   * the "License"; You may not use this file except in compliance with the
  14:Core/Src/main.c ****   * License. You may obtain a copy of the License at:
  15:Core/Src/main.c ****   *                        opensource.org/licenses/BSD-3-Clause
  16:Core/Src/main.c ****   *
  17:Core/Src/main.c ****   ******************************************************************************
  18:Core/Src/main.c ****   */
  19:Core/Src/main.c **** /* USER CODE END Header */
  20:Core/Src/main.c **** /* Includes ------------------------------------------------------------------*/
  21:Core/Src/main.c **** #include "main.h"
  22:Core/Src/main.c **** #include "gpio.h"
  23:Core/Src/main.c **** #include "usart.h"
  24:Core/Src/main.c **** #include "string.h"
  25:Core/Src/main.c **** /* Private includes ----------------------------------------------------------*/
  26:Core/Src/main.c **** /* USER CODE BEGIN Includes */
  27:Core/Src/main.c **** 
  28:Core/Src/main.c **** /* USER CODE END Includes */
  29:Core/Src/main.c **** 
  30:Core/Src/main.c **** /* Private typedef -----------------------------------------------------------*/
ARM GAS  C:\Users\abdel\AppData\Local\Temp\cc0YR9c0.s 			page 2


  31:Core/Src/main.c **** /* USER CODE BEGIN PTD */
  32:Core/Src/main.c **** 
  33:Core/Src/main.c **** /* USER CODE END PTD */
  34:Core/Src/main.c **** 
  35:Core/Src/main.c **** /* Private define ------------------------------------------------------------*/
  36:Core/Src/main.c **** /* USER CODE BEGIN PD */
  37:Core/Src/main.c **** /* USER CODE END PD */
  38:Core/Src/main.c **** 
  39:Core/Src/main.c **** /* Private macro -------------------------------------------------------------*/
  40:Core/Src/main.c **** /* USER CODE BEGIN PM */
  41:Core/Src/main.c **** 
  42:Core/Src/main.c **** /* USER CODE END PM */
  43:Core/Src/main.c **** 
  44:Core/Src/main.c **** /* Private variables ---------------------------------------------------------*/
  45:Core/Src/main.c **** 
  46:Core/Src/main.c **** /* USER CODE BEGIN PV */
  47:Core/Src/main.c **** 
  48:Core/Src/main.c **** /* USER CODE END PV */
  49:Core/Src/main.c **** 
  50:Core/Src/main.c **** /* Private function prototypes -----------------------------------------------*/
  51:Core/Src/main.c **** void SystemClock_Config(void);
  52:Core/Src/main.c **** /* USER CODE BEGIN PFP */
  53:Core/Src/main.c **** 
  54:Core/Src/main.c **** /* USER CODE END PFP */
  55:Core/Src/main.c **** 
  56:Core/Src/main.c **** /* Private user code ---------------------------------------------------------*/
  57:Core/Src/main.c **** /* USER CODE BEGIN 0 */
  58:Core/Src/main.c **** 
  59:Core/Src/main.c **** /* USER CODE END 0 */
  60:Core/Src/main.c **** 
  61:Core/Src/main.c **** /**
  62:Core/Src/main.c ****   * @brief  The application entry point.
  63:Core/Src/main.c ****   * @retval int
  64:Core/Src/main.c ****   */
  65:Core/Src/main.c **** int main(void)
  66:Core/Src/main.c **** {
  67:Core/Src/main.c ****   /* USER CODE BEGIN 1 */
  68:Core/Src/main.c **** 
  69:Core/Src/main.c ****   /* USER CODE END 1 */
  70:Core/Src/main.c **** 
  71:Core/Src/main.c ****   /* MCU Configuration--------------------------------------------------------*/
  72:Core/Src/main.c **** 
  73:Core/Src/main.c ****   /* Reset of all peripherals, Initializes the Flash interface and the Systick. */
  74:Core/Src/main.c ****   HAL_Init();
  75:Core/Src/main.c **** 
  76:Core/Src/main.c ****   /* USER CODE BEGIN Init */
  77:Core/Src/main.c **** 
  78:Core/Src/main.c ****   /* USER CODE END Init */
  79:Core/Src/main.c **** 
  80:Core/Src/main.c ****   /* Configure the system clock */
  81:Core/Src/main.c ****   SystemClock_Config();
  82:Core/Src/main.c **** 
  83:Core/Src/main.c ****   /* USER CODE BEGIN SysInit */
  84:Core/Src/main.c **** 
  85:Core/Src/main.c ****   /* USER CODE END SysInit */
  86:Core/Src/main.c **** 
  87:Core/Src/main.c ****   /* Initialize all configured peripherals */
ARM GAS  C:\Users\abdel\AppData\Local\Temp\cc0YR9c0.s 			page 3


  88:Core/Src/main.c ****   MX_GPIO_Init();
  89:Core/Src/main.c ****   /* USER CODE BEGIN 2 */
  90:Core/Src/main.c **** char *message = "Hello world\r\n";
  91:Core/Src/main.c ****   /* USER CODE END 2 */
  92:Core/Src/main.c **** 
  93:Core/Src/main.c ****   /* Infinite loop */
  94:Core/Src/main.c ****   /* USER CODE BEGIN WHILE */
  95:Core/Src/main.c ****   while (1)
  96:Core/Src/main.c ****   {
  97:Core/Src/main.c ****     /* USER CODE END WHILE */
  98:Core/Src/main.c **** 
  99:Core/Src/main.c ****     /* USER CODE BEGIN 3 */
 100:Core/Src/main.c ****     HAL_GPIO_TogglePin(LED2_GPIO_Port,LED2_Pin);
 101:Core/Src/main.c ****     HAL_Delay(100);
 102:Core/Src/main.c **** 
 103:Core/Src/main.c ****     if (HAL_GPIO_ReadPin(K1_GPIO_Port,K1_Pin)==GPIO_PIN_RESET)
 104:Core/Src/main.c ****     {
 105:Core/Src/main.c ****       HAL_UART_Transmit(&huart4,(uint8_t *)message,strlen(message),100);
 106:Core/Src/main.c ****     }
 107:Core/Src/main.c ****   }
 108:Core/Src/main.c ****   /* USER CODE END 3 */
 109:Core/Src/main.c **** }
 110:Core/Src/main.c **** 
 111:Core/Src/main.c **** /**
 112:Core/Src/main.c ****   * @brief System Clock Configuration
 113:Core/Src/main.c ****   * @retval None
 114:Core/Src/main.c ****   */
 115:Core/Src/main.c **** void SystemClock_Config(void)
 116:Core/Src/main.c **** {
 117:Core/Src/main.c ****   RCC_OscInitTypeDef RCC_OscInitStruct = {0};
 118:Core/Src/main.c ****   RCC_ClkInitTypeDef RCC_ClkInitStruct = {0};
 119:Core/Src/main.c **** 
 120:Core/Src/main.c ****   /** Configure the main internal regulator output voltage
 121:Core/Src/main.c ****   */
 122:Core/Src/main.c ****   __HAL_RCC_PWR_CLK_ENABLE();
 123:Core/Src/main.c ****   __HAL_PWR_VOLTAGESCALING_CONFIG(PWR_REGULATOR_VOLTAGE_SCALE1);
 124:Core/Src/main.c ****   /** Initializes the RCC Oscillators according to the specified parameters
 125:Core/Src/main.c ****   * in the RCC_OscInitTypeDef structure.
 126:Core/Src/main.c ****   */
 127:Core/Src/main.c ****   RCC_OscInitStruct.OscillatorType = RCC_OSCILLATORTYPE_HSI;
 128:Core/Src/main.c ****   RCC_OscInitStruct.HSIState = RCC_HSI_ON;
 129:Core/Src/main.c ****   RCC_OscInitStruct.HSICalibrationValue = RCC_HSICALIBRATION_DEFAULT;
 130:Core/Src/main.c ****   RCC_OscInitStruct.PLL.PLLState = RCC_PLL_NONE;
 131:Core/Src/main.c ****   if (HAL_RCC_OscConfig(&RCC_OscInitStruct) != HAL_OK)
 132:Core/Src/main.c ****   {
 133:Core/Src/main.c ****     Error_Handler();
 134:Core/Src/main.c ****   }
 135:Core/Src/main.c ****   /** Initializes the CPU, AHB and APB buses clocks
 136:Core/Src/main.c ****   */
 137:Core/Src/main.c ****   RCC_ClkInitStruct.ClockType = RCC_CLOCKTYPE_HCLK|RCC_CLOCKTYPE_SYSCLK
 138:Core/Src/main.c ****                               |RCC_CLOCKTYPE_PCLK1|RCC_CLOCKTYPE_PCLK2;
 139:Core/Src/main.c ****   RCC_ClkInitStruct.SYSCLKSource = RCC_SYSCLKSOURCE_HSI;
 140:Core/Src/main.c ****   RCC_ClkInitStruct.AHBCLKDivider = RCC_SYSCLK_DIV1;
 141:Core/Src/main.c ****   RCC_ClkInitStruct.APB1CLKDivider = RCC_HCLK_DIV1;
 142:Core/Src/main.c ****   RCC_ClkInitStruct.APB2CLKDivider = RCC_HCLK_DIV1;
 143:Core/Src/main.c **** 
 144:Core/Src/main.c ****   if (HAL_RCC_ClockConfig(&RCC_ClkInitStruct, FLASH_LATENCY_0) != HAL_OK)
ARM GAS  C:\Users\abdel\AppData\Local\Temp\cc0YR9c0.s 			page 4


 145:Core/Src/main.c ****   {
 146:Core/Src/main.c ****     Error_Handler();
 147:Core/Src/main.c ****   }
 148:Core/Src/main.c **** }
 149:Core/Src/main.c **** 
 150:Core/Src/main.c **** /* USER CODE BEGIN 4 */
 151:Core/Src/main.c **** 
 152:Core/Src/main.c **** /* USER CODE END 4 */
 153:Core/Src/main.c **** 
 154:Core/Src/main.c **** /**
 155:Core/Src/main.c ****   * @brief  This function is executed in case of error occurrence.
 156:Core/Src/main.c ****   * @retval None
 157:Core/Src/main.c ****   */
 158:Core/Src/main.c **** void Error_Handler(void)
 159:Core/Src/main.c **** {
  29              		.loc 1 159 1 view -0
  30              		.cfi_startproc
  31              		@ Volatile: function does not return.
  32              		@ args = 0, pretend = 0, frame = 0
  33              		@ frame_needed = 0, uses_anonymous_args = 0
  34              		@ link register save eliminated.
 160:Core/Src/main.c ****   /* USER CODE BEGIN Error_Handler_Debug */
 161:Core/Src/main.c ****   /* User can add his own implementation to report the HAL error return state */
 162:Core/Src/main.c ****   __disable_irq();
  35              		.loc 1 162 3 view .LVU1
  36              	.LBB4:
  37              	.LBI4:
  38              		.file 2 "Drivers/CMSIS/Include/cmsis_gcc.h"
   1:Drivers/CMSIS/Include/cmsis_gcc.h **** /**************************************************************************//**
   2:Drivers/CMSIS/Include/cmsis_gcc.h ****  * @file     cmsis_gcc.h
   3:Drivers/CMSIS/Include/cmsis_gcc.h ****  * @brief    CMSIS compiler GCC header file
   4:Drivers/CMSIS/Include/cmsis_gcc.h ****  * @version  V5.0.4
   5:Drivers/CMSIS/Include/cmsis_gcc.h ****  * @date     09. April 2018
   6:Drivers/CMSIS/Include/cmsis_gcc.h ****  ******************************************************************************/
   7:Drivers/CMSIS/Include/cmsis_gcc.h **** /*
   8:Drivers/CMSIS/Include/cmsis_gcc.h ****  * Copyright (c) 2009-2018 Arm Limited. All rights reserved.
   9:Drivers/CMSIS/Include/cmsis_gcc.h ****  *
  10:Drivers/CMSIS/Include/cmsis_gcc.h ****  * SPDX-License-Identifier: Apache-2.0
  11:Drivers/CMSIS/Include/cmsis_gcc.h ****  *
  12:Drivers/CMSIS/Include/cmsis_gcc.h ****  * Licensed under the Apache License, Version 2.0 (the License); you may
  13:Drivers/CMSIS/Include/cmsis_gcc.h ****  * not use this file except in compliance with the License.
  14:Drivers/CMSIS/Include/cmsis_gcc.h ****  * You may obtain a copy of the License at
  15:Drivers/CMSIS/Include/cmsis_gcc.h ****  *
  16:Drivers/CMSIS/Include/cmsis_gcc.h ****  * www.apache.org/licenses/LICENSE-2.0
  17:Drivers/CMSIS/Include/cmsis_gcc.h ****  *
  18:Drivers/CMSIS/Include/cmsis_gcc.h ****  * Unless required by applicable law or agreed to in writing, software
  19:Drivers/CMSIS/Include/cmsis_gcc.h ****  * distributed under the License is distributed on an AS IS BASIS, WITHOUT
  20:Drivers/CMSIS/Include/cmsis_gcc.h ****  * WARRANTIES OR CONDITIONS OF ANY KIND, either express or implied.
  21:Drivers/CMSIS/Include/cmsis_gcc.h ****  * See the License for the specific language governing permissions and
  22:Drivers/CMSIS/Include/cmsis_gcc.h ****  * limitations under the License.
  23:Drivers/CMSIS/Include/cmsis_gcc.h ****  */
  24:Drivers/CMSIS/Include/cmsis_gcc.h **** 
  25:Drivers/CMSIS/Include/cmsis_gcc.h **** #ifndef __CMSIS_GCC_H
  26:Drivers/CMSIS/Include/cmsis_gcc.h **** #define __CMSIS_GCC_H
  27:Drivers/CMSIS/Include/cmsis_gcc.h **** 
  28:Drivers/CMSIS/Include/cmsis_gcc.h **** /* ignore some GCC warnings */
  29:Drivers/CMSIS/Include/cmsis_gcc.h **** #pragma GCC diagnostic push
ARM GAS  C:\Users\abdel\AppData\Local\Temp\cc0YR9c0.s 			page 5


  30:Drivers/CMSIS/Include/cmsis_gcc.h **** #pragma GCC diagnostic ignored "-Wsign-conversion"
  31:Drivers/CMSIS/Include/cmsis_gcc.h **** #pragma GCC diagnostic ignored "-Wconversion"
  32:Drivers/CMSIS/Include/cmsis_gcc.h **** #pragma GCC diagnostic ignored "-Wunused-parameter"
  33:Drivers/CMSIS/Include/cmsis_gcc.h **** 
  34:Drivers/CMSIS/Include/cmsis_gcc.h **** /* Fallback for __has_builtin */
  35:Drivers/CMSIS/Include/cmsis_gcc.h **** #ifndef __has_builtin
  36:Drivers/CMSIS/Include/cmsis_gcc.h ****   #define __has_builtin(x) (0)
  37:Drivers/CMSIS/Include/cmsis_gcc.h **** #endif
  38:Drivers/CMSIS/Include/cmsis_gcc.h **** 
  39:Drivers/CMSIS/Include/cmsis_gcc.h **** /* CMSIS compiler specific defines */
  40:Drivers/CMSIS/Include/cmsis_gcc.h **** #ifndef   __ASM
  41:Drivers/CMSIS/Include/cmsis_gcc.h ****   #define __ASM                                  __asm
  42:Drivers/CMSIS/Include/cmsis_gcc.h **** #endif
  43:Drivers/CMSIS/Include/cmsis_gcc.h **** #ifndef   __INLINE
  44:Drivers/CMSIS/Include/cmsis_gcc.h ****   #define __INLINE                               inline
  45:Drivers/CMSIS/Include/cmsis_gcc.h **** #endif
  46:Drivers/CMSIS/Include/cmsis_gcc.h **** #ifndef   __STATIC_INLINE
  47:Drivers/CMSIS/Include/cmsis_gcc.h ****   #define __STATIC_INLINE                        static inline
  48:Drivers/CMSIS/Include/cmsis_gcc.h **** #endif
  49:Drivers/CMSIS/Include/cmsis_gcc.h **** #ifndef   __STATIC_FORCEINLINE                 
  50:Drivers/CMSIS/Include/cmsis_gcc.h ****   #define __STATIC_FORCEINLINE                   __attribute__((always_inline)) static inline
  51:Drivers/CMSIS/Include/cmsis_gcc.h **** #endif                                           
  52:Drivers/CMSIS/Include/cmsis_gcc.h **** #ifndef   __NO_RETURN
  53:Drivers/CMSIS/Include/cmsis_gcc.h ****   #define __NO_RETURN                            __attribute__((__noreturn__))
  54:Drivers/CMSIS/Include/cmsis_gcc.h **** #endif
  55:Drivers/CMSIS/Include/cmsis_gcc.h **** #ifndef   __USED
  56:Drivers/CMSIS/Include/cmsis_gcc.h ****   #define __USED                                 __attribute__((used))
  57:Drivers/CMSIS/Include/cmsis_gcc.h **** #endif
  58:Drivers/CMSIS/Include/cmsis_gcc.h **** #ifndef   __WEAK
  59:Drivers/CMSIS/Include/cmsis_gcc.h ****   #define __WEAK                                 __attribute__((weak))
  60:Drivers/CMSIS/Include/cmsis_gcc.h **** #endif
  61:Drivers/CMSIS/Include/cmsis_gcc.h **** #ifndef   __PACKED
  62:Drivers/CMSIS/Include/cmsis_gcc.h ****   #define __PACKED                               __attribute__((packed, aligned(1)))
  63:Drivers/CMSIS/Include/cmsis_gcc.h **** #endif
  64:Drivers/CMSIS/Include/cmsis_gcc.h **** #ifndef   __PACKED_STRUCT
  65:Drivers/CMSIS/Include/cmsis_gcc.h ****   #define __PACKED_STRUCT                        struct __attribute__((packed, aligned(1)))
  66:Drivers/CMSIS/Include/cmsis_gcc.h **** #endif
  67:Drivers/CMSIS/Include/cmsis_gcc.h **** #ifndef   __PACKED_UNION
  68:Drivers/CMSIS/Include/cmsis_gcc.h ****   #define __PACKED_UNION                         union __attribute__((packed, aligned(1)))
  69:Drivers/CMSIS/Include/cmsis_gcc.h **** #endif
  70:Drivers/CMSIS/Include/cmsis_gcc.h **** #ifndef   __UNALIGNED_UINT32        /* deprecated */
  71:Drivers/CMSIS/Include/cmsis_gcc.h ****   #pragma GCC diagnostic push
  72:Drivers/CMSIS/Include/cmsis_gcc.h ****   #pragma GCC diagnostic ignored "-Wpacked"
  73:Drivers/CMSIS/Include/cmsis_gcc.h ****   #pragma GCC diagnostic ignored "-Wattributes"
  74:Drivers/CMSIS/Include/cmsis_gcc.h ****   struct __attribute__((packed)) T_UINT32 { uint32_t v; };
  75:Drivers/CMSIS/Include/cmsis_gcc.h ****   #pragma GCC diagnostic pop
  76:Drivers/CMSIS/Include/cmsis_gcc.h ****   #define __UNALIGNED_UINT32(x)                  (((struct T_UINT32 *)(x))->v)
  77:Drivers/CMSIS/Include/cmsis_gcc.h **** #endif
  78:Drivers/CMSIS/Include/cmsis_gcc.h **** #ifndef   __UNALIGNED_UINT16_WRITE
  79:Drivers/CMSIS/Include/cmsis_gcc.h ****   #pragma GCC diagnostic push
  80:Drivers/CMSIS/Include/cmsis_gcc.h ****   #pragma GCC diagnostic ignored "-Wpacked"
  81:Drivers/CMSIS/Include/cmsis_gcc.h ****   #pragma GCC diagnostic ignored "-Wattributes"
  82:Drivers/CMSIS/Include/cmsis_gcc.h ****   __PACKED_STRUCT T_UINT16_WRITE { uint16_t v; };
  83:Drivers/CMSIS/Include/cmsis_gcc.h ****   #pragma GCC diagnostic pop
  84:Drivers/CMSIS/Include/cmsis_gcc.h ****   #define __UNALIGNED_UINT16_WRITE(addr, val)    (void)((((struct T_UINT16_WRITE *)(void *)(addr))-
  85:Drivers/CMSIS/Include/cmsis_gcc.h **** #endif
  86:Drivers/CMSIS/Include/cmsis_gcc.h **** #ifndef   __UNALIGNED_UINT16_READ
ARM GAS  C:\Users\abdel\AppData\Local\Temp\cc0YR9c0.s 			page 6


  87:Drivers/CMSIS/Include/cmsis_gcc.h ****   #pragma GCC diagnostic push
  88:Drivers/CMSIS/Include/cmsis_gcc.h ****   #pragma GCC diagnostic ignored "-Wpacked"
  89:Drivers/CMSIS/Include/cmsis_gcc.h ****   #pragma GCC diagnostic ignored "-Wattributes"
  90:Drivers/CMSIS/Include/cmsis_gcc.h ****   __PACKED_STRUCT T_UINT16_READ { uint16_t v; };
  91:Drivers/CMSIS/Include/cmsis_gcc.h ****   #pragma GCC diagnostic pop
  92:Drivers/CMSIS/Include/cmsis_gcc.h ****   #define __UNALIGNED_UINT16_READ(addr)          (((const struct T_UINT16_READ *)(const void *)(add
  93:Drivers/CMSIS/Include/cmsis_gcc.h **** #endif
  94:Drivers/CMSIS/Include/cmsis_gcc.h **** #ifndef   __UNALIGNED_UINT32_WRITE
  95:Drivers/CMSIS/Include/cmsis_gcc.h ****   #pragma GCC diagnostic push
  96:Drivers/CMSIS/Include/cmsis_gcc.h ****   #pragma GCC diagnostic ignored "-Wpacked"
  97:Drivers/CMSIS/Include/cmsis_gcc.h ****   #pragma GCC diagnostic ignored "-Wattributes"
  98:Drivers/CMSIS/Include/cmsis_gcc.h ****   __PACKED_STRUCT T_UINT32_WRITE { uint32_t v; };
  99:Drivers/CMSIS/Include/cmsis_gcc.h ****   #pragma GCC diagnostic pop
 100:Drivers/CMSIS/Include/cmsis_gcc.h ****   #define __UNALIGNED_UINT32_WRITE(addr, val)    (void)((((struct T_UINT32_WRITE *)(void *)(addr))-
 101:Drivers/CMSIS/Include/cmsis_gcc.h **** #endif
 102:Drivers/CMSIS/Include/cmsis_gcc.h **** #ifndef   __UNALIGNED_UINT32_READ
 103:Drivers/CMSIS/Include/cmsis_gcc.h ****   #pragma GCC diagnostic push
 104:Drivers/CMSIS/Include/cmsis_gcc.h ****   #pragma GCC diagnostic ignored "-Wpacked"
 105:Drivers/CMSIS/Include/cmsis_gcc.h ****   #pragma GCC diagnostic ignored "-Wattributes"
 106:Drivers/CMSIS/Include/cmsis_gcc.h ****   __PACKED_STRUCT T_UINT32_READ { uint32_t v; };
 107:Drivers/CMSIS/Include/cmsis_gcc.h ****   #pragma GCC diagnostic pop
 108:Drivers/CMSIS/Include/cmsis_gcc.h ****   #define __UNALIGNED_UINT32_READ(addr)          (((const struct T_UINT32_READ *)(const void *)(add
 109:Drivers/CMSIS/Include/cmsis_gcc.h **** #endif
 110:Drivers/CMSIS/Include/cmsis_gcc.h **** #ifndef   __ALIGNED
 111:Drivers/CMSIS/Include/cmsis_gcc.h ****   #define __ALIGNED(x)                           __attribute__((aligned(x)))
 112:Drivers/CMSIS/Include/cmsis_gcc.h **** #endif
 113:Drivers/CMSIS/Include/cmsis_gcc.h **** #ifndef   __RESTRICT
 114:Drivers/CMSIS/Include/cmsis_gcc.h ****   #define __RESTRICT                             __restrict
 115:Drivers/CMSIS/Include/cmsis_gcc.h **** #endif
 116:Drivers/CMSIS/Include/cmsis_gcc.h **** 
 117:Drivers/CMSIS/Include/cmsis_gcc.h **** 
 118:Drivers/CMSIS/Include/cmsis_gcc.h **** /* ###########################  Core Function Access  ########################### */
 119:Drivers/CMSIS/Include/cmsis_gcc.h **** /** \ingroup  CMSIS_Core_FunctionInterface
 120:Drivers/CMSIS/Include/cmsis_gcc.h ****     \defgroup CMSIS_Core_RegAccFunctions CMSIS Core Register Access Functions
 121:Drivers/CMSIS/Include/cmsis_gcc.h ****   @{
 122:Drivers/CMSIS/Include/cmsis_gcc.h ****  */
 123:Drivers/CMSIS/Include/cmsis_gcc.h **** 
 124:Drivers/CMSIS/Include/cmsis_gcc.h **** /**
 125:Drivers/CMSIS/Include/cmsis_gcc.h ****   \brief   Enable IRQ Interrupts
 126:Drivers/CMSIS/Include/cmsis_gcc.h ****   \details Enables IRQ interrupts by clearing the I-bit in the CPSR.
 127:Drivers/CMSIS/Include/cmsis_gcc.h ****            Can only be executed in Privileged modes.
 128:Drivers/CMSIS/Include/cmsis_gcc.h ****  */
 129:Drivers/CMSIS/Include/cmsis_gcc.h **** __STATIC_FORCEINLINE void __enable_irq(void)
 130:Drivers/CMSIS/Include/cmsis_gcc.h **** {
 131:Drivers/CMSIS/Include/cmsis_gcc.h ****   __ASM volatile ("cpsie i" : : : "memory");
 132:Drivers/CMSIS/Include/cmsis_gcc.h **** }
 133:Drivers/CMSIS/Include/cmsis_gcc.h **** 
 134:Drivers/CMSIS/Include/cmsis_gcc.h **** 
 135:Drivers/CMSIS/Include/cmsis_gcc.h **** /**
 136:Drivers/CMSIS/Include/cmsis_gcc.h ****   \brief   Disable IRQ Interrupts
 137:Drivers/CMSIS/Include/cmsis_gcc.h ****   \details Disables IRQ interrupts by setting the I-bit in the CPSR.
 138:Drivers/CMSIS/Include/cmsis_gcc.h ****            Can only be executed in Privileged modes.
 139:Drivers/CMSIS/Include/cmsis_gcc.h ****  */
 140:Drivers/CMSIS/Include/cmsis_gcc.h **** __STATIC_FORCEINLINE void __disable_irq(void)
  39              		.loc 2 140 27 view .LVU2
  40              	.LBB5:
 141:Drivers/CMSIS/Include/cmsis_gcc.h **** {
ARM GAS  C:\Users\abdel\AppData\Local\Temp\cc0YR9c0.s 			page 7


 142:Drivers/CMSIS/Include/cmsis_gcc.h ****   __ASM volatile ("cpsid i" : : : "memory");
  41              		.loc 2 142 3 view .LVU3
  42              		.syntax unified
  43              	@ 142 "Drivers/CMSIS/Include/cmsis_gcc.h" 1
  44 0000 72B6     		cpsid i
  45              	@ 0 "" 2
  46              		.thumb
  47              		.syntax unified
  48              	.L2:
  49              	.LBE5:
  50              	.LBE4:
 163:Core/Src/main.c ****   while (1)
  51              		.loc 1 163 3 discriminator 1 view .LVU4
 164:Core/Src/main.c ****   {
 165:Core/Src/main.c ****   }
  52              		.loc 1 165 3 discriminator 1 view .LVU5
 163:Core/Src/main.c ****   while (1)
  53              		.loc 1 163 9 discriminator 1 view .LVU6
  54 0002 FEE7     		b	.L2
  55              		.cfi_endproc
  56              	.LFE132:
  58              		.section	.text.SystemClock_Config,"ax",%progbits
  59              		.align	1
  60              		.global	SystemClock_Config
  61              		.syntax unified
  62              		.thumb
  63              		.thumb_func
  64              		.fpu fpv4-sp-d16
  66              	SystemClock_Config:
  67              	.LFB131:
 116:Core/Src/main.c ****   RCC_OscInitTypeDef RCC_OscInitStruct = {0};
  68              		.loc 1 116 1 view -0
  69              		.cfi_startproc
  70              		@ args = 0, pretend = 0, frame = 80
  71              		@ frame_needed = 0, uses_anonymous_args = 0
  72 0000 00B5     		push	{lr}
  73              	.LCFI0:
  74              		.cfi_def_cfa_offset 4
  75              		.cfi_offset 14, -4
  76 0002 95B0     		sub	sp, sp, #84
  77              	.LCFI1:
  78              		.cfi_def_cfa_offset 88
 117:Core/Src/main.c ****   RCC_ClkInitTypeDef RCC_ClkInitStruct = {0};
  79              		.loc 1 117 3 view .LVU8
 117:Core/Src/main.c ****   RCC_ClkInitTypeDef RCC_ClkInitStruct = {0};
  80              		.loc 1 117 22 is_stmt 0 view .LVU9
  81 0004 3022     		movs	r2, #48
  82 0006 0021     		movs	r1, #0
  83 0008 08A8     		add	r0, sp, #32
  84 000a FFF7FEFF 		bl	memset
  85              	.LVL0:
 118:Core/Src/main.c **** 
  86              		.loc 1 118 3 is_stmt 1 view .LVU10
 118:Core/Src/main.c **** 
  87              		.loc 1 118 22 is_stmt 0 view .LVU11
  88 000e 0023     		movs	r3, #0
  89 0010 0393     		str	r3, [sp, #12]
ARM GAS  C:\Users\abdel\AppData\Local\Temp\cc0YR9c0.s 			page 8


  90 0012 0493     		str	r3, [sp, #16]
  91 0014 0593     		str	r3, [sp, #20]
  92 0016 0693     		str	r3, [sp, #24]
  93 0018 0793     		str	r3, [sp, #28]
 122:Core/Src/main.c ****   __HAL_PWR_VOLTAGESCALING_CONFIG(PWR_REGULATOR_VOLTAGE_SCALE1);
  94              		.loc 1 122 3 is_stmt 1 view .LVU12
  95              	.LBB6:
 122:Core/Src/main.c ****   __HAL_PWR_VOLTAGESCALING_CONFIG(PWR_REGULATOR_VOLTAGE_SCALE1);
  96              		.loc 1 122 3 view .LVU13
  97 001a 0193     		str	r3, [sp, #4]
 122:Core/Src/main.c ****   __HAL_PWR_VOLTAGESCALING_CONFIG(PWR_REGULATOR_VOLTAGE_SCALE1);
  98              		.loc 1 122 3 view .LVU14
  99 001c 184A     		ldr	r2, .L9
 100 001e 116C     		ldr	r1, [r2, #64]
 101 0020 41F08051 		orr	r1, r1, #268435456
 102 0024 1164     		str	r1, [r2, #64]
 122:Core/Src/main.c ****   __HAL_PWR_VOLTAGESCALING_CONFIG(PWR_REGULATOR_VOLTAGE_SCALE1);
 103              		.loc 1 122 3 view .LVU15
 104 0026 126C     		ldr	r2, [r2, #64]
 105 0028 02F08052 		and	r2, r2, #268435456
 106 002c 0192     		str	r2, [sp, #4]
 122:Core/Src/main.c ****   __HAL_PWR_VOLTAGESCALING_CONFIG(PWR_REGULATOR_VOLTAGE_SCALE1);
 107              		.loc 1 122 3 view .LVU16
 108 002e 019A     		ldr	r2, [sp, #4]
 109              	.LBE6:
 122:Core/Src/main.c ****   __HAL_PWR_VOLTAGESCALING_CONFIG(PWR_REGULATOR_VOLTAGE_SCALE1);
 110              		.loc 1 122 3 view .LVU17
 123:Core/Src/main.c ****   /** Initializes the RCC Oscillators according to the specified parameters
 111              		.loc 1 123 3 view .LVU18
 112              	.LBB7:
 123:Core/Src/main.c ****   /** Initializes the RCC Oscillators according to the specified parameters
 113              		.loc 1 123 3 view .LVU19
 114 0030 0293     		str	r3, [sp, #8]
 123:Core/Src/main.c ****   /** Initializes the RCC Oscillators according to the specified parameters
 115              		.loc 1 123 3 view .LVU20
 116 0032 144A     		ldr	r2, .L9+4
 117 0034 1168     		ldr	r1, [r2]
 118 0036 41F48041 		orr	r1, r1, #16384
 119 003a 1160     		str	r1, [r2]
 123:Core/Src/main.c ****   /** Initializes the RCC Oscillators according to the specified parameters
 120              		.loc 1 123 3 view .LVU21
 121 003c 1268     		ldr	r2, [r2]
 122 003e 02F48042 		and	r2, r2, #16384
 123 0042 0292     		str	r2, [sp, #8]
 123:Core/Src/main.c ****   /** Initializes the RCC Oscillators according to the specified parameters
 124              		.loc 1 123 3 view .LVU22
 125 0044 029A     		ldr	r2, [sp, #8]
 126              	.LBE7:
 123:Core/Src/main.c ****   /** Initializes the RCC Oscillators according to the specified parameters
 127              		.loc 1 123 3 view .LVU23
 127:Core/Src/main.c ****   RCC_OscInitStruct.HSIState = RCC_HSI_ON;
 128              		.loc 1 127 3 view .LVU24
 127:Core/Src/main.c ****   RCC_OscInitStruct.HSIState = RCC_HSI_ON;
 129              		.loc 1 127 36 is_stmt 0 view .LVU25
 130 0046 0222     		movs	r2, #2
 131 0048 0892     		str	r2, [sp, #32]
 128:Core/Src/main.c ****   RCC_OscInitStruct.HSICalibrationValue = RCC_HSICALIBRATION_DEFAULT;
ARM GAS  C:\Users\abdel\AppData\Local\Temp\cc0YR9c0.s 			page 9


 132              		.loc 1 128 3 is_stmt 1 view .LVU26
 128:Core/Src/main.c ****   RCC_OscInitStruct.HSICalibrationValue = RCC_HSICALIBRATION_DEFAULT;
 133              		.loc 1 128 30 is_stmt 0 view .LVU27
 134 004a 0122     		movs	r2, #1
 135 004c 0B92     		str	r2, [sp, #44]
 129:Core/Src/main.c ****   RCC_OscInitStruct.PLL.PLLState = RCC_PLL_NONE;
 136              		.loc 1 129 3 is_stmt 1 view .LVU28
 129:Core/Src/main.c ****   RCC_OscInitStruct.PLL.PLLState = RCC_PLL_NONE;
 137              		.loc 1 129 41 is_stmt 0 view .LVU29
 138 004e 1022     		movs	r2, #16
 139 0050 0C92     		str	r2, [sp, #48]
 130:Core/Src/main.c ****   if (HAL_RCC_OscConfig(&RCC_OscInitStruct) != HAL_OK)
 140              		.loc 1 130 3 is_stmt 1 view .LVU30
 130:Core/Src/main.c ****   if (HAL_RCC_OscConfig(&RCC_OscInitStruct) != HAL_OK)
 141              		.loc 1 130 34 is_stmt 0 view .LVU31
 142 0052 0E93     		str	r3, [sp, #56]
 131:Core/Src/main.c ****   {
 143              		.loc 1 131 3 is_stmt 1 view .LVU32
 131:Core/Src/main.c ****   {
 144              		.loc 1 131 7 is_stmt 0 view .LVU33
 145 0054 08A8     		add	r0, sp, #32
 146 0056 FFF7FEFF 		bl	HAL_RCC_OscConfig
 147              	.LVL1:
 131:Core/Src/main.c ****   {
 148              		.loc 1 131 6 view .LVU34
 149 005a 68B9     		cbnz	r0, .L7
 137:Core/Src/main.c ****                               |RCC_CLOCKTYPE_PCLK1|RCC_CLOCKTYPE_PCLK2;
 150              		.loc 1 137 3 is_stmt 1 view .LVU35
 137:Core/Src/main.c ****                               |RCC_CLOCKTYPE_PCLK1|RCC_CLOCKTYPE_PCLK2;
 151              		.loc 1 137 31 is_stmt 0 view .LVU36
 152 005c 0F23     		movs	r3, #15
 153 005e 0393     		str	r3, [sp, #12]
 139:Core/Src/main.c ****   RCC_ClkInitStruct.AHBCLKDivider = RCC_SYSCLK_DIV1;
 154              		.loc 1 139 3 is_stmt 1 view .LVU37
 139:Core/Src/main.c ****   RCC_ClkInitStruct.AHBCLKDivider = RCC_SYSCLK_DIV1;
 155              		.loc 1 139 34 is_stmt 0 view .LVU38
 156 0060 0021     		movs	r1, #0
 157 0062 0491     		str	r1, [sp, #16]
 140:Core/Src/main.c ****   RCC_ClkInitStruct.APB1CLKDivider = RCC_HCLK_DIV1;
 158              		.loc 1 140 3 is_stmt 1 view .LVU39
 140:Core/Src/main.c ****   RCC_ClkInitStruct.APB1CLKDivider = RCC_HCLK_DIV1;
 159              		.loc 1 140 35 is_stmt 0 view .LVU40
 160 0064 0591     		str	r1, [sp, #20]
 141:Core/Src/main.c ****   RCC_ClkInitStruct.APB2CLKDivider = RCC_HCLK_DIV1;
 161              		.loc 1 141 3 is_stmt 1 view .LVU41
 141:Core/Src/main.c ****   RCC_ClkInitStruct.APB2CLKDivider = RCC_HCLK_DIV1;
 162              		.loc 1 141 36 is_stmt 0 view .LVU42
 163 0066 0691     		str	r1, [sp, #24]
 142:Core/Src/main.c **** 
 164              		.loc 1 142 3 is_stmt 1 view .LVU43
 142:Core/Src/main.c **** 
 165              		.loc 1 142 36 is_stmt 0 view .LVU44
 166 0068 0791     		str	r1, [sp, #28]
 144:Core/Src/main.c ****   {
 167              		.loc 1 144 3 is_stmt 1 view .LVU45
 144:Core/Src/main.c ****   {
 168              		.loc 1 144 7 is_stmt 0 view .LVU46
ARM GAS  C:\Users\abdel\AppData\Local\Temp\cc0YR9c0.s 			page 10


 169 006a 03A8     		add	r0, sp, #12
 170 006c FFF7FEFF 		bl	HAL_RCC_ClockConfig
 171              	.LVL2:
 144:Core/Src/main.c ****   {
 172              		.loc 1 144 6 view .LVU47
 173 0070 20B9     		cbnz	r0, .L8
 148:Core/Src/main.c **** 
 174              		.loc 1 148 1 view .LVU48
 175 0072 15B0     		add	sp, sp, #84
 176              	.LCFI2:
 177              		.cfi_remember_state
 178              		.cfi_def_cfa_offset 4
 179              		@ sp needed
 180 0074 5DF804FB 		ldr	pc, [sp], #4
 181              	.L7:
 182              	.LCFI3:
 183              		.cfi_restore_state
 133:Core/Src/main.c ****   }
 184              		.loc 1 133 5 is_stmt 1 view .LVU49
 185 0078 FFF7FEFF 		bl	Error_Handler
 186              	.LVL3:
 187              	.L8:
 146:Core/Src/main.c ****   }
 188              		.loc 1 146 5 view .LVU50
 189 007c FFF7FEFF 		bl	Error_Handler
 190              	.LVL4:
 191              	.L10:
 192              		.align	2
 193              	.L9:
 194 0080 00380240 		.word	1073887232
 195 0084 00700040 		.word	1073770496
 196              		.cfi_endproc
 197              	.LFE131:
 199              		.section	.rodata.main.str1.4,"aMS",%progbits,1
 200              		.align	2
 201              	.LC0:
 202 0000 48656C6C 		.ascii	"Hello world\015\012\000"
 202      6F20776F 
 202      726C640D 
 202      0A00
 203              		.section	.text.main,"ax",%progbits
 204              		.align	1
 205              		.global	main
 206              		.syntax unified
 207              		.thumb
 208              		.thumb_func
 209              		.fpu fpv4-sp-d16
 211              	main:
 212              	.LFB130:
  66:Core/Src/main.c ****   /* USER CODE BEGIN 1 */
 213              		.loc 1 66 1 view -0
 214              		.cfi_startproc
 215              		@ args = 0, pretend = 0, frame = 0
 216              		@ frame_needed = 0, uses_anonymous_args = 0
 217 0000 10B5     		push	{r4, lr}
 218              	.LCFI4:
 219              		.cfi_def_cfa_offset 8
ARM GAS  C:\Users\abdel\AppData\Local\Temp\cc0YR9c0.s 			page 11


 220              		.cfi_offset 4, -8
 221              		.cfi_offset 14, -4
  74:Core/Src/main.c **** 
 222              		.loc 1 74 3 view .LVU52
 223 0002 FFF7FEFF 		bl	HAL_Init
 224              	.LVL5:
  81:Core/Src/main.c **** 
 225              		.loc 1 81 3 view .LVU53
 226 0006 FFF7FEFF 		bl	SystemClock_Config
 227              	.LVL6:
  88:Core/Src/main.c ****   /* USER CODE BEGIN 2 */
 228              		.loc 1 88 3 view .LVU54
 229 000a FFF7FEFF 		bl	MX_GPIO_Init
 230              	.LVL7:
  90:Core/Src/main.c ****   /* USER CODE END 2 */
 231              		.loc 1 90 1 view .LVU55
 232              	.L12:
  95:Core/Src/main.c ****   {
 233              		.loc 1 95 3 view .LVU56
 100:Core/Src/main.c ****     HAL_Delay(100);
 234              		.loc 1 100 5 view .LVU57
 235 000e 0A4C     		ldr	r4, .L15
 236 0010 0221     		movs	r1, #2
 237 0012 2046     		mov	r0, r4
 238 0014 FFF7FEFF 		bl	HAL_GPIO_TogglePin
 239              	.LVL8:
 101:Core/Src/main.c **** 
 240              		.loc 1 101 5 view .LVU58
 241 0018 6420     		movs	r0, #100
 242 001a FFF7FEFF 		bl	HAL_Delay
 243              	.LVL9:
 103:Core/Src/main.c ****     {
 244              		.loc 1 103 5 view .LVU59
 103:Core/Src/main.c ****     {
 245              		.loc 1 103 9 is_stmt 0 view .LVU60
 246 001e 0121     		movs	r1, #1
 247 0020 2046     		mov	r0, r4
 248 0022 FFF7FEFF 		bl	HAL_GPIO_ReadPin
 249              	.LVL10:
 103:Core/Src/main.c ****     {
 250              		.loc 1 103 8 view .LVU61
 251 0026 0028     		cmp	r0, #0
 252 0028 F1D1     		bne	.L12
 105:Core/Src/main.c ****     }
 253              		.loc 1 105 7 is_stmt 1 view .LVU62
 254 002a 6423     		movs	r3, #100
 255 002c 0D22     		movs	r2, #13
 256 002e 0349     		ldr	r1, .L15+4
 257 0030 0348     		ldr	r0, .L15+8
 258 0032 FFF7FEFF 		bl	HAL_UART_Transmit
 259              	.LVL11:
 260 0036 EAE7     		b	.L12
 261              	.L16:
 262              		.align	2
 263              	.L15:
 264 0038 00000240 		.word	1073872896
 265 003c 00000000 		.word	.LC0
ARM GAS  C:\Users\abdel\AppData\Local\Temp\cc0YR9c0.s 			page 12


 266 0040 00000000 		.word	huart4
 267              		.cfi_endproc
 268              	.LFE130:
 270              		.text
 271              	.Letext0:
 272              		.file 3 "d:\\devtools\\arm_gcc_10_2020-q4-major\\arm-none-eabi\\include\\machine\\_default_types.h
 273              		.file 4 "d:\\devtools\\arm_gcc_10_2020-q4-major\\arm-none-eabi\\include\\sys\\_stdint.h"
 274              		.file 5 "Drivers/CMSIS/Device/ST/STM32F4xx/Include/stm32f407xx.h"
 275              		.file 6 "Drivers/STM32F4xx_HAL_Driver/Inc/stm32f4xx_hal_def.h"
 276              		.file 7 "Drivers/STM32F4xx_HAL_Driver/Inc/stm32f4xx_hal_rcc_ex.h"
 277              		.file 8 "Drivers/STM32F4xx_HAL_Driver/Inc/stm32f4xx_hal_rcc.h"
 278              		.file 9 "Drivers/STM32F4xx_HAL_Driver/Inc/stm32f4xx_hal_gpio.h"
 279              		.file 10 "Drivers/STM32F4xx_HAL_Driver/Inc/stm32f4xx_hal_dma.h"
 280              		.file 11 "Drivers/STM32F4xx_HAL_Driver/Inc/stm32f4xx_hal_uart.h"
 281              		.file 12 "Drivers/STM32F4xx_HAL_Driver/Inc/stm32f4xx_hal.h"
 282              		.file 13 "Core/Inc/gpio.h"
 283              		.file 14 "Core/Inc/usart.h"
 284              		.file 15 "<built-in>"
ARM GAS  C:\Users\abdel\AppData\Local\Temp\cc0YR9c0.s 			page 13


DEFINED SYMBOLS
                            *ABS*:00000000 main.c
C:\Users\abdel\AppData\Local\Temp\cc0YR9c0.s:18     .text.Error_Handler:00000000 $t
C:\Users\abdel\AppData\Local\Temp\cc0YR9c0.s:26     .text.Error_Handler:00000000 Error_Handler
C:\Users\abdel\AppData\Local\Temp\cc0YR9c0.s:59     .text.SystemClock_Config:00000000 $t
C:\Users\abdel\AppData\Local\Temp\cc0YR9c0.s:66     .text.SystemClock_Config:00000000 SystemClock_Config
C:\Users\abdel\AppData\Local\Temp\cc0YR9c0.s:194    .text.SystemClock_Config:00000080 $d
C:\Users\abdel\AppData\Local\Temp\cc0YR9c0.s:200    .rodata.main.str1.4:00000000 $d
C:\Users\abdel\AppData\Local\Temp\cc0YR9c0.s:204    .text.main:00000000 $t
C:\Users\abdel\AppData\Local\Temp\cc0YR9c0.s:211    .text.main:00000000 main
C:\Users\abdel\AppData\Local\Temp\cc0YR9c0.s:264    .text.main:00000038 $d

UNDEFINED SYMBOLS
memset
HAL_RCC_OscConfig
HAL_RCC_ClockConfig
HAL_Init
MX_GPIO_Init
HAL_GPIO_TogglePin
HAL_Delay
HAL_GPIO_ReadPin
HAL_UART_Transmit
huart4
